<?xml version="1.0" encoding="UTF-8" ?>
<testsuite tests="15" failures="1" name="com.shopcart.qa.testcases.LoginPageTest" time="46.089" errors="0" skipped="14">
  <properties>
[...]
</properties>
  <testcase classname="com.shopcart.qa.testcases.LoginPageTest" name="setUp" time="46.089">
    <failure message="timeout
  (Session info: chrome=80.0.3987.132)
Build info: version: &apos;3.141.59&apos;, revision: &apos;e82be7d358&apos;, time: &apos;2018-11-14T08:17:03&apos;
System info: host: &apos;LAPTOP-5E3MODR9&apos;, ip: &apos;192.168.0.118&apos;, os.name: &apos;Windows 10&apos;, os.arch: &apos;amd64&apos;, os.version: &apos;10.0&apos;, java.version: &apos;1.8.0_152&apos;
Driver info: org.openqa.selenium.chrome.ChromeDriver
Capabilities {acceptInsecureCerts: false, browserName: chrome, browserVersion: 80.0.3987.132, chrome: {chromedriverVersion: 79.0.3945.36 (3582db32b3389..., userDataDir: C:\Users\BS146TU\AppData\Lo...}, goog:chromeOptions: {debuggerAddress: localhost:61634}, javascriptEnabled: true, networkConnectionEnabled: false, pageLoadStrategy: normal, platform: WINDOWS, platformName: WINDOWS, proxy: Proxy(), setWindowRect: true, strictFileInteractability: false, timeouts: {implicit: 0, pageLoad: 300000, script: 30000}, unhandledPromptBehavior: dismiss and notify}
Session ID: 7da90bff7f2f47928e779471709dcb04" type="org.openqa.selenium.TimeoutException">org.openqa.selenium.TimeoutException: timeout
  (Session info: chrome=80.0.3987.132)
Build info: version: &apos;3.141.59&apos;, revision: &apos;e82be7d358&apos;, time: &apos;2018-11-14T08:17:03&apos;
System info: host: &apos;LAPTOP-5E3MODR9&apos;, ip: &apos;192.168.0.118&apos;, os.name: &apos;Windows 10&apos;, os.arch: &apos;amd64&apos;, os.version: &apos;10.0&apos;, java.version: &apos;1.8.0_152&apos;
Driver info: org.openqa.selenium.chrome.ChromeDriver
Capabilities {acceptInsecureCerts: false, browserName: chrome, browserVersion: 80.0.3987.132, chrome: {chromedriverVersion: 79.0.3945.36 (3582db32b3389..., userDataDir: C:\Users\BS146TU\AppData\Lo...}, goog:chromeOptions: {debuggerAddress: localhost:61634}, javascriptEnabled: true, networkConnectionEnabled: false, pageLoadStrategy: normal, platform: WINDOWS, platformName: WINDOWS, proxy: Proxy(), setWindowRect: true, strictFileInteractability: false, timeouts: {implicit: 0, pageLoad: 300000, script: 30000}, unhandledPromptBehavior: dismiss and notify}
Session ID: 7da90bff7f2f47928e779471709dcb04
	at sun.reflect.NativeConstructorAccessorImpl.newInstance0(Native Method)
	at sun.reflect.NativeConstructorAccessorImpl.newInstance(NativeConstructorAccessorImpl.java:62)
	at sun.reflect.DelegatingConstructorAccessorImpl.newInstance(DelegatingConstructorAccessorImpl.java:45)
	at java.lang.reflect.Constructor.newInstance(Constructor.java:423)
	at org.openqa.selenium.remote.http.W3CHttpResponseCodec.createException(W3CHttpResponseCodec.java:187)
	at org.openqa.selenium.remote.http.W3CHttpResponseCodec.decode(W3CHttpResponseCodec.java:122)
	at org.openqa.selenium.remote.http.W3CHttpResponseCodec.decode(W3CHttpResponseCodec.java:49)
	at org.openqa.selenium.remote.HttpCommandExecutor.execute(HttpCommandExecutor.java:158)
	at org.openqa.selenium.remote.service.DriverCommandExecutor.execute(DriverCommandExecutor.java:83)
	at org.openqa.selenium.remote.RemoteWebDriver.execute(RemoteWebDriver.java:552)
	at org.openqa.selenium.remote.RemoteWebDriver.get(RemoteWebDriver.java:277)
	at com.shopcart.qa.base.TestBase.initialization(TestBase.java:50)
	at com.shopcart.qa.testcases.LoginPageTest.setUp(LoginPageTest.java:22)
</failure>
    <system-out>Configuring TestNG with: org.apache.maven.surefire.testng.conf.TestNG652Configurator@244038d0
</system-out>
    <system-err>Starting ChromeDriver 79.0.3945.36 (3582db32b33893869b8c1339e8f4d9ed1816f143-refs/branch-heads/3945@{#614}) on port 5314
Only local connections are allowed.
Please protect ports used by ChromeDriver and related test frameworks to prevent access by malicious code.
[1583499011.549][WARNING]: This version of ChromeDriver has not been tested with Chrome version 80.
[1583499013.619][WARNING]: Timed out connecting to Chrome, retrying...
Mar 06, 2020 6:20:21 PM org.openqa.selenium.remote.ProtocolHandshake createSession
INFO: Detected dialect: W3C
[1583499024.153][WARNING]: Timed out connecting to Chrome, retrying...
[1583499047.347][SEVERE]: Timed out receiving message from renderer: 19.997
[1583499047.382][SEVERE]: Timed out receiving message from renderer: -0.039
[1583499047.410][SEVERE]: Timed out receiving message from renderer: -0.067
</system-err>
  </testcase>
  <testcase classname="com.shopcart.qa.testcases.LoginPageTest" name="loginTest" time="0">
    <skipped/>
  </testcase>
  <testcase classname="com.shopcart.qa.testcases.LoginPageTest" name="tearDown" time="0">
    <skipped/>
  </testcase>
  <testcase classname="com.shopcart.qa.testcases.LoginPageTest" name="setUp" time="0">
    <skipped/>
  </testcase>
  <testcase classname="com.shopcart.qa.testcases.LoginPageTest" name="loginPageTitleTest" time="0">
    <skipped/>
  </testcase>
  <testcase classname="com.shopcart.qa.testcases.LoginPageTest" name="tearDown" time="0">
    <skipped/>
  </testcase>
  <testcase classname="com.shopcart.qa.testcases.LoginPageTest" name="setUp" time="0">
    <skipped/>
  </testcase>
  <testcase classname="com.shopcart.qa.testcases.LoginPageTest" name="ShoplogoImg" time="0">
    <skipped/>
  </testcase>
  <testcase classname="com.shopcart.qa.testcases.LoginPageTest" name="tearDown" time="0">
    <skipped/>
  </testcase>
  <testcase classname="com.shopcart.qa.testcases.LoginPageTest" name="setUp" time="0">
    <skipped/>
  </testcase>
  <testcase classname="com.shopcart.qa.testcases.LoginPageTest" name="ShopVersionTest" time="0">
    <skipped/>
  </testcase>
  <testcase classname="com.shopcart.qa.testcases.LoginPageTest" name="tearDown" time="0">
    <skipped/>
  </testcase>
  <testcase classname="com.shopcart.qa.testcases.LoginPageTest" name="setUp" time="0">
    <skipped/>
  </testcase>
  <testcase classname="com.shopcart.qa.testcases.LoginPageTest" name="ShopcartImgTest" time="0">
    <skipped/>
  </testcase>
  <testcase classname="com.shopcart.qa.testcases.LoginPageTest" name="tearDown" time="0">
    <skipped/>
  </testcase>
</testsuite>