<?xml version="1.0" encoding="UTF-8"?>
<testng-results skipped="0" failed="1" total="18" passed="17">
  <reporter-output>
  </reporter-output>
  <suite name="ShopCart Application suit" duration-ms="488929" started-at="2020-03-10T07:15:15Z" finished-at="2020-03-10T07:23:24Z">
    <groups>
    </groups>
    <test name="ShopCart_Test" duration-ms="488929" started-at="2020-03-10T07:15:15Z" finished-at="2020-03-10T07:23:24Z">
      <class name="com.shopcart.qa.testcases.OrdersPageTest">
        <test-method status="PASS" signature="setUp()[pri:0, instance:com.shopcart.qa.testcases.OrdersPageTest@3ffc5af1]" name="setUp" is-config="true" duration-ms="18509" started-at="2020-03-10T12:45:15Z" finished-at="2020-03-10T12:45:34Z">
          <reporter-output>
          </reporter-output>
        </test-method> <!-- setUp -->
        <test-method status="PASS" signature="validateOrders()[pri:0, instance:com.shopcart.qa.testcases.OrdersPageTest@3ffc5af1]" name="validateOrders" duration-ms="11457" started-at="2020-03-10T12:45:34Z" finished-at="2020-03-10T12:45:45Z">
          <reporter-output>
          </reporter-output>
        </test-method> <!-- validateOrders -->
        <test-method status="PASS" signature="setUp()[pri:0, instance:com.shopcart.qa.testcases.OrdersPageTest@3ffc5af1]" name="setUp" is-config="true" duration-ms="19921" started-at="2020-03-10T12:45:45Z" finished-at="2020-03-10T12:46:05Z">
          <reporter-output>
          </reporter-output>
        </test-method> <!-- setUp -->
        <test-method status="PASS" signature="validateInvoice()[pri:0, instance:com.shopcart.qa.testcases.OrdersPageTest@3ffc5af1]" name="validateInvoice" duration-ms="12314" started-at="2020-03-10T12:46:05Z" finished-at="2020-03-10T12:46:18Z">
          <reporter-output>
          </reporter-output>
        </test-method> <!-- validateInvoice -->
        <test-method status="PASS" signature="setUp()[pri:0, instance:com.shopcart.qa.testcases.OrdersPageTest@3ffc5af1]" name="setUp" is-config="true" duration-ms="20522" started-at="2020-03-10T12:46:18Z" finished-at="2020-03-10T12:46:38Z">
          <reporter-output>
          </reporter-output>
        </test-method> <!-- setUp -->
        <test-method status="PASS" signature="validateMerchandise_Returns()[pri:0, instance:com.shopcart.qa.testcases.OrdersPageTest@3ffc5af1]" name="validateMerchandise_Returns" duration-ms="6080" started-at="2020-03-10T12:46:38Z" finished-at="2020-03-10T12:46:44Z">
          <reporter-output>
          </reporter-output>
        </test-method> <!-- validateMerchandise_Returns -->
        <test-method status="PASS" signature="setUp()[pri:0, instance:com.shopcart.qa.testcases.OrdersPageTest@3ffc5af1]" name="setUp" is-config="true" duration-ms="15028" started-at="2020-03-10T12:46:44Z" finished-at="2020-03-10T12:46:59Z">
          <reporter-output>
          </reporter-output>
        </test-method> <!-- setUp -->
        <test-method status="PASS" signature="validateDeliverySlips()[pri:0, instance:com.shopcart.qa.testcases.OrdersPageTest@3ffc5af1]" name="validateDeliverySlips" duration-ms="7017" started-at="2020-03-10T12:46:59Z" finished-at="2020-03-10T12:47:06Z">
          <reporter-output>
          </reporter-output>
        </test-method> <!-- validateDeliverySlips -->
        <test-method status="PASS" signature="setUp()[pri:0, instance:com.shopcart.qa.testcases.OrdersPageTest@3ffc5af1]" name="setUp" is-config="true" duration-ms="15634" started-at="2020-03-10T12:47:06Z" finished-at="2020-03-10T12:47:22Z">
          <reporter-output>
          </reporter-output>
        </test-method> <!-- setUp -->
        <test-method status="PASS" signature="validateCreditSlips()[pri:0, instance:com.shopcart.qa.testcases.OrdersPageTest@3ffc5af1]" name="validateCreditSlips" duration-ms="7296" started-at="2020-03-10T12:47:22Z" finished-at="2020-03-10T12:47:29Z">
          <reporter-output>
          </reporter-output>
        </test-method> <!-- validateCreditSlips -->
        <test-method status="PASS" signature="setUp()[pri:0, instance:com.shopcart.qa.testcases.OrdersPageTest@3ffc5af1]" name="setUp" is-config="true" duration-ms="25225" started-at="2020-03-10T12:47:29Z" finished-at="2020-03-10T12:47:54Z">
          <reporter-output>
          </reporter-output>
        </test-method> <!-- setUp -->
        <test-method status="PASS" signature="validateStatuses()[pri:0, instance:com.shopcart.qa.testcases.OrdersPageTest@3ffc5af1]" name="validateStatuses" duration-ms="11975" started-at="2020-03-10T12:47:54Z" finished-at="2020-03-10T12:48:06Z">
          <reporter-output>
          </reporter-output>
        </test-method> <!-- validateStatuses -->
        <test-method status="PASS" signature="setUp()[pri:0, instance:com.shopcart.qa.testcases.OrdersPageTest@3ffc5af1]" name="setUp" is-config="true" duration-ms="46940" started-at="2020-03-10T12:48:06Z" finished-at="2020-03-10T12:48:53Z">
          <reporter-output>
          </reporter-output>
        </test-method> <!-- setUp -->
        <test-method status="PASS" signature="customerPage()[pri:0, instance:com.shopcart.qa.testcases.OrdersPageTest@3ffc5af1]" name="customerPage" duration-ms="4" started-at="2020-03-10T12:48:53Z" finished-at="2020-03-10T12:48:53Z">
          <reporter-output>
          </reporter-output>
        </test-method> <!-- customerPage -->
        <test-method status="PASS" signature="setUp()[pri:0, instance:com.shopcart.qa.testcases.OrdersPageTest@3ffc5af1]" name="setUp" is-config="true" duration-ms="32268" started-at="2020-03-10T12:48:53Z" finished-at="2020-03-10T12:49:26Z">
          <reporter-output>
          </reporter-output>
        </test-method> <!-- setUp -->
        <test-method status="PASS" signature="validateOrderMessages()[pri:0, instance:com.shopcart.qa.testcases.OrdersPageTest@3ffc5af1]" name="validateOrderMessages" duration-ms="8678" started-at="2020-03-10T12:49:26Z" finished-at="2020-03-10T12:49:34Z">
          <reporter-output>
          </reporter-output>
        </test-method> <!-- validateOrderMessages -->
      </class> <!-- com.shopcart.qa.testcases.OrdersPageTest -->
      <class name="com.shopcart.qa.testcases.CustomerPageTest">
        <test-method status="PASS" signature="setUp()[pri:0, instance:com.shopcart.qa.testcases.CustomerPageTest@1bce4f0a]" name="setUp" is-config="true" duration-ms="14038" started-at="2020-03-10T12:49:39Z" finished-at="2020-03-10T12:49:53Z">
          <reporter-output>
          </reporter-output>
        </test-method> <!-- setUp -->
        <test-method status="PASS" signature="validateCustomerData(java.lang.String, java.lang.String, java.lang.String, java.lang.String)[pri:0, instance:com.shopcart.qa.testcases.CustomerPageTest@1bce4f0a]" name="validateCustomerData" duration-ms="10578" started-at="2020-03-10T12:49:53Z" data-provider="getData" finished-at="2020-03-10T12:50:04Z">
          <params>
            <param index="0">
              <value>
                <![CDATA[Ashu]]>
              </value>
            </param>
            <param index="1">
              <value>
                <![CDATA[s]]>
              </value>
            </param>
            <param index="2">
              <value>
                <![CDATA[as@gmail.com]]>
              </value>
            </param>
            <param index="3">
              <value>
                <![CDATA[password]]>
              </value>
            </param>
          </params>
          <reporter-output>
          </reporter-output>
        </test-method> <!-- validateCustomerData -->
        <test-method status="PASS" signature="setUp()[pri:0, instance:com.shopcart.qa.testcases.CustomerPageTest@1bce4f0a]" name="setUp" is-config="true" duration-ms="13854" started-at="2020-03-10T12:50:04Z" finished-at="2020-03-10T12:50:18Z">
          <reporter-output>
          </reporter-output>
        </test-method> <!-- setUp -->
        <test-method status="PASS" signature="validateCustomerData(java.lang.String, java.lang.String, java.lang.String, java.lang.String)[pri:0, instance:com.shopcart.qa.testcases.CustomerPageTest@1bce4f0a]" name="validateCustomerData" duration-ms="9744" started-at="2020-03-10T12:50:18Z" data-provider="getData" finished-at="2020-03-10T12:50:27Z">
          <params>
            <param index="0">
              <value>
                <![CDATA[Akash]]>
              </value>
            </param>
            <param index="1">
              <value>
                <![CDATA[v]]>
              </value>
            </param>
            <param index="2">
              <value>
                <![CDATA[av@gmail.com]]>
              </value>
            </param>
            <param index="3">
              <value>
                <![CDATA[password]]>
              </value>
            </param>
          </params>
          <reporter-output>
          </reporter-output>
        </test-method> <!-- validateCustomerData -->
        <test-method status="PASS" signature="setUp()[pri:0, instance:com.shopcart.qa.testcases.CustomerPageTest@1bce4f0a]" name="setUp" is-config="true" duration-ms="13071" started-at="2020-03-10T12:50:27Z" finished-at="2020-03-10T12:50:40Z">
          <reporter-output>
          </reporter-output>
        </test-method> <!-- setUp -->
        <test-method status="PASS" signature="validateCustomerData(java.lang.String, java.lang.String, java.lang.String, java.lang.String)[pri:0, instance:com.shopcart.qa.testcases.CustomerPageTest@1bce4f0a]" name="validateCustomerData" duration-ms="10156" started-at="2020-03-10T12:50:40Z" data-provider="getData" finished-at="2020-03-10T12:50:51Z">
          <params>
            <param index="0">
              <value>
                <![CDATA[Shubham]]>
              </value>
            </param>
            <param index="1">
              <value>
                <![CDATA[p]]>
              </value>
            </param>
            <param index="2">
              <value>
                <![CDATA[sp@gmail.com]]>
              </value>
            </param>
            <param index="3">
              <value>
                <![CDATA[password]]>
              </value>
            </param>
          </params>
          <reporter-output>
          </reporter-output>
        </test-method> <!-- validateCustomerData -->
        <test-method status="PASS" signature="setUp()[pri:0, instance:com.shopcart.qa.testcases.CustomerPageTest@1bce4f0a]" name="setUp" is-config="true" duration-ms="18283" started-at="2020-03-10T12:50:51Z" finished-at="2020-03-10T12:51:09Z">
          <reporter-output>
          </reporter-output>
        </test-method> <!-- setUp -->
        <test-method status="FAIL" signature="validateCustomerData(java.lang.String, java.lang.String, java.lang.String, java.lang.String)[pri:0, instance:com.shopcart.qa.testcases.CustomerPageTest@1bce4f0a]" name="validateCustomerData" duration-ms="9560" started-at="2020-03-10T12:51:09Z" data-provider="getData" finished-at="2020-03-10T12:51:18Z">
          <params>
            <param index="0">
              <value>
                <![CDATA[Abhi]]>
              </value>
            </param>
            <param index="1">
              <value>
                <![CDATA[k]]>
              </value>
            </param>
            <param index="2">
              <value>
                <![CDATA[ak]]>
              </value>
            </param>
            <param index="3">
              <value>
                <![CDATA[password]]>
              </value>
            </param>
          </params>
          <exception class="org.openqa.selenium.NoSuchWindowException">
            <message>
              <![CDATA[no such window: target window already closed
from unknown error: web view not found
  (Session info: chrome=80.0.3987.132)
Build info: version: '3.141.59', revision: 'e82be7d358', time: '2018-11-14T08:17:03'
System info: host: 'LAPTOP-5E3MODR9', ip: '192.168.0.107', os.name: 'Windows 10', os.arch: 'amd64', os.version: '10.0', java.version: '1.8.0_152'
Driver info: org.openqa.selenium.chrome.ChromeDriver
Capabilities {acceptInsecureCerts: false, browserName: chrome, browserVersion: 80.0.3987.132, chrome: {chromedriverVersion: 79.0.3945.36 (3582db32b3389..., userDataDir: C:\Users\BS146TU\AppData\Lo...}, goog:chromeOptions: {debuggerAddress: localhost:52365}, javascriptEnabled: true, networkConnectionEnabled: false, pageLoadStrategy: normal, platform: WINDOWS, platformName: WINDOWS, proxy: Proxy(), setWindowRect: true, strictFileInteractability: false, timeouts: {implicit: 0, pageLoad: 300000, script: 30000}, unhandledPromptBehavior: dismiss and notify}
Session ID: c90c031563687d0aa2866efdae8bf51c]]>
            </message>
            <full-stacktrace>
              <![CDATA[org.openqa.selenium.NoSuchWindowException: no such window: target window already closed
from unknown error: web view not found
  (Session info: chrome=80.0.3987.132)
Build info: version: '3.141.59', revision: 'e82be7d358', time: '2018-11-14T08:17:03'
System info: host: 'LAPTOP-5E3MODR9', ip: '192.168.0.107', os.name: 'Windows 10', os.arch: 'amd64', os.version: '10.0', java.version: '1.8.0_152'
Driver info: org.openqa.selenium.chrome.ChromeDriver
Capabilities {acceptInsecureCerts: false, browserName: chrome, browserVersion: 80.0.3987.132, chrome: {chromedriverVersion: 79.0.3945.36 (3582db32b3389..., userDataDir: C:\Users\BS146TU\AppData\Lo...}, goog:chromeOptions: {debuggerAddress: localhost:52365}, javascriptEnabled: true, networkConnectionEnabled: false, pageLoadStrategy: normal, platform: WINDOWS, platformName: WINDOWS, proxy: Proxy(), setWindowRect: true, strictFileInteractability: false, timeouts: {implicit: 0, pageLoad: 300000, script: 30000}, unhandledPromptBehavior: dismiss and notify}
Session ID: c90c031563687d0aa2866efdae8bf51c
	at sun.reflect.NativeConstructorAccessorImpl.newInstance0(Native Method)
	at sun.reflect.NativeConstructorAccessorImpl.newInstance(NativeConstructorAccessorImpl.java:62)
	at sun.reflect.DelegatingConstructorAccessorImpl.newInstance(DelegatingConstructorAccessorImpl.java:45)
	at java.lang.reflect.Constructor.newInstance(Constructor.java:423)
	at org.openqa.selenium.remote.http.W3CHttpResponseCodec.createException(W3CHttpResponseCodec.java:187)
	at org.openqa.selenium.remote.http.W3CHttpResponseCodec.decode(W3CHttpResponseCodec.java:122)
	at org.openqa.selenium.remote.http.W3CHttpResponseCodec.decode(W3CHttpResponseCodec.java:49)
	at org.openqa.selenium.remote.HttpCommandExecutor.execute(HttpCommandExecutor.java:158)
	at org.openqa.selenium.remote.service.DriverCommandExecutor.execute(DriverCommandExecutor.java:83)
	at org.openqa.selenium.remote.RemoteWebDriver.execute(RemoteWebDriver.java:552)
	at org.openqa.selenium.remote.RemoteWebDriver.perform(RemoteWebDriver.java:618)
	at org.openqa.selenium.interactions.Actions$BuiltAction.perform(Actions.java:639)
	at com.shopcart.qa.pages.CustomerPage.addNewCustomerFromExcel(CustomerPage.java:45)
	at com.shopcart.qa.testcases.CustomerPageTest.validateCustomerData(CustomerPageTest.java:44)
	at sun.reflect.NativeMethodAccessorImpl.invoke0(Native Method)
	at sun.reflect.NativeMethodAccessorImpl.invoke(NativeMethodAccessorImpl.java:62)
	at sun.reflect.DelegatingMethodAccessorImpl.invoke(DelegatingMethodAccessorImpl.java:43)
	at java.lang.reflect.Method.invoke(Method.java:498)
	at org.testng.internal.MethodInvocationHelper.invokeMethod(MethodInvocationHelper.java:80)
	at org.testng.internal.Invoker.invokeMethod(Invoker.java:714)
	at org.testng.internal.Invoker.invokeTestMethod(Invoker.java:901)
	at org.testng.internal.Invoker.invokeTestMethods(Invoker.java:1231)
	at org.testng.internal.TestMethodWorker.invokeTestMethods(TestMethodWorker.java:127)
	at org.testng.internal.TestMethodWorker.run(TestMethodWorker.java:111)
	at org.testng.TestRunner.privateRun(TestRunner.java:767)
	at org.testng.TestRunner.run(TestRunner.java:617)
	at org.testng.SuiteRunner.runTest(SuiteRunner.java:334)
	at org.testng.SuiteRunner.runSequentially(SuiteRunner.java:329)
	at org.testng.SuiteRunner.privateRun(SuiteRunner.java:291)
	at org.testng.SuiteRunner.run(SuiteRunner.java:240)
	at org.testng.SuiteRunnerWorker.runSuite(SuiteRunnerWorker.java:52)
	at org.testng.SuiteRunnerWorker.run(SuiteRunnerWorker.java:86)
	at org.testng.TestNG.runSuitesSequentially(TestNG.java:1198)
	at org.testng.TestNG.runSuitesLocally(TestNG.java:1123)
	at org.testng.TestNG.run(TestNG.java:1031)
	at org.testng.remote.AbstractRemoteTestNG.run(AbstractRemoteTestNG.java:114)
	at org.testng.remote.RemoteTestNG.initAndRun(RemoteTestNG.java:251)
	at org.testng.remote.RemoteTestNG.main(RemoteTestNG.java:77)
]]>
            </full-stacktrace>
          </exception> <!-- org.openqa.selenium.NoSuchWindowException -->
          <reporter-output>
          </reporter-output>
        </test-method> <!-- validateCustomerData -->
        <test-method status="PASS" signature="setUp()[pri:0, instance:com.shopcart.qa.testcases.CustomerPageTest@1bce4f0a]" name="setUp" is-config="true" duration-ms="13564" started-at="2020-03-10T12:51:18Z" finished-at="2020-03-10T12:51:32Z">
          <reporter-output>
          </reporter-output>
        </test-method> <!-- setUp -->
        <test-method status="PASS" signature="ValidatAddressesTest()[pri:0, instance:com.shopcart.qa.testcases.CustomerPageTest@1bce4f0a]" name="ValidatAddressesTest" duration-ms="6858" started-at="2020-03-10T12:51:32Z" finished-at="2020-03-10T12:51:39Z">
          <reporter-output>
          </reporter-output>
        </test-method> <!-- ValidatAddressesTest -->
        <test-method status="PASS" signature="setUp()[pri:0, instance:com.shopcart.qa.testcases.CustomerPageTest@1bce4f0a]" name="setUp" is-config="true" duration-ms="14982" started-at="2020-03-10T12:51:39Z" finished-at="2020-03-10T12:51:54Z">
          <reporter-output>
          </reporter-output>
        </test-method> <!-- setUp -->
        <test-method status="PASS" signature="ValidatGroupsTest()[pri:0, instance:com.shopcart.qa.testcases.CustomerPageTest@1bce4f0a]" name="ValidatGroupsTest" duration-ms="6684" started-at="2020-03-10T12:51:54Z" finished-at="2020-03-10T12:52:01Z">
          <reporter-output>
          </reporter-output>
        </test-method> <!-- ValidatGroupsTest -->
        <test-method status="PASS" signature="setUp()[pri:0, instance:com.shopcart.qa.testcases.CustomerPageTest@1bce4f0a]" name="setUp" is-config="true" duration-ms="13038" started-at="2020-03-10T12:52:01Z" finished-at="2020-03-10T12:52:14Z">
          <reporter-output>
          </reporter-output>
        </test-method> <!-- setUp -->
        <test-method status="PASS" signature="ValidatShippingCartsTest()[pri:0, instance:com.shopcart.qa.testcases.CustomerPageTest@1bce4f0a]" name="ValidatShippingCartsTest" duration-ms="6722" started-at="2020-03-10T12:52:14Z" finished-at="2020-03-10T12:52:20Z">
          <reporter-output>
          </reporter-output>
        </test-method> <!-- ValidatShippingCartsTest -->
        <test-method status="PASS" signature="setUp()[pri:0, instance:com.shopcart.qa.testcases.CustomerPageTest@1bce4f0a]" name="setUp" is-config="true" duration-ms="16953" started-at="2020-03-10T12:52:20Z" finished-at="2020-03-10T12:52:37Z">
          <reporter-output>
          </reporter-output>
        </test-method> <!-- setUp -->
        <test-method status="PASS" signature="ValidatCustomerServicesTest()[pri:0, instance:com.shopcart.qa.testcases.CustomerPageTest@1bce4f0a]" name="ValidatCustomerServicesTest" duration-ms="6890" started-at="2020-03-10T12:52:37Z" finished-at="2020-03-10T12:52:44Z">
          <reporter-output>
          </reporter-output>
        </test-method> <!-- ValidatCustomerServicesTest -->
        <test-method status="PASS" signature="setUp()[pri:0, instance:com.shopcart.qa.testcases.CustomerPageTest@1bce4f0a]" name="setUp" is-config="true" duration-ms="14563" started-at="2020-03-10T12:52:44Z" finished-at="2020-03-10T12:52:59Z">
          <reporter-output>
          </reporter-output>
        </test-method> <!-- setUp -->
        <test-method status="PASS" signature="ValidatContactsTest()[pri:0, instance:com.shopcart.qa.testcases.CustomerPageTest@1bce4f0a]" name="ValidatContactsTest" duration-ms="7515" started-at="2020-03-10T12:52:59Z" finished-at="2020-03-10T12:53:06Z">
          <reporter-output>
          </reporter-output>
        </test-method> <!-- ValidatContactsTest -->
        <test-method status="PASS" signature="setUp()[pri:0, instance:com.shopcart.qa.testcases.CustomerPageTest@1bce4f0a]" name="setUp" is-config="true" duration-ms="12873" started-at="2020-03-10T12:53:06Z" finished-at="2020-03-10T12:53:19Z">
          <reporter-output>
          </reporter-output>
        </test-method> <!-- setUp -->
        <test-method status="PASS" signature="validatTittlesTest()[pri:0, instance:com.shopcart.qa.testcases.CustomerPageTest@1bce4f0a]" name="validatTittlesTest" duration-ms="5104" started-at="2020-03-10T12:53:19Z" finished-at="2020-03-10T12:53:24Z">
          <reporter-output>
          </reporter-output>
        </test-method> <!-- validatTittlesTest -->
      </class> <!-- com.shopcart.qa.testcases.CustomerPageTest -->
    </test> <!-- ShopCart_Test -->
  </suite> <!-- ShopCart Application suit -->
</testng-results>
